Copyright 1986-2020 Xilinx, Inc. All Rights Reserved.
--------------------------------------------------------------------------------------------
| Tool Version : Vivado v.2020.1 (win64) Build 2902540 Wed May 27 19:54:49 MDT 2020
| Date         : Thu Dec  8 15:16:08 2022
| Host         : DESKTOP-11UI415 running 64-bit major release  (build 9200)
| Command      : report_control_sets -verbose -file comparator_4bit_control_sets_placed.rpt
| Design       : comparator_4bit
| Device       : xc7a35t
--------------------------------------------------------------------------------------------

Control Set Information

Table of Contents
-----------------
1. Summary
2. Histogram
3. Flip-Flop Distribution
4. Detailed Control Set Information

1. Summary
----------

+----------------------------------------------------------+-------+
|                          Status                          | Count |
+----------------------------------------------------------+-------+
| Total control sets                                       |     6 |
|    Minimum number of control sets                        |     6 |
|    Addition due to synthesis replication                 |     0 |
|    Addition due to physical synthesis replication        |     0 |
| Unused register locations in slices containing registers |    42 |
+----------------------------------------------------------+-------+
* Control sets can be merged at opt_design using control_set_merge or merge_equivalent_drivers
** Run report_qor_suggestions for automated merging and remapping suggestions


2. Histogram
------------

+--------------------+-------+
|       Fanout       | Count |
+--------------------+-------+
| Total control sets |     6 |
| >= 0 to < 4        |     6 |
| >= 4 to < 6        |     0 |
| >= 6 to < 8        |     0 |
| >= 8 to < 10       |     0 |
| >= 10 to < 12      |     0 |
| >= 12 to < 14      |     0 |
| >= 14 to < 16      |     0 |
| >= 16              |     0 |
+--------------------+-------+
* Control sets can be remapped at either synth_design or opt_design


3. Flip-Flop Distribution
-------------------------

+--------------+-----------------------+------------------------+-----------------+--------------+
| Clock Enable | Synchronous Set/Reset | Asynchronous Set/Reset | Total Registers | Total Slices |
+--------------+-----------------------+------------------------+-----------------+--------------+
| No           | No                    | No                     |               4 |            4 |
| No           | No                    | Yes                    |               0 |            0 |
| No           | Yes                   | No                     |               2 |            2 |
| Yes          | No                    | No                     |               0 |            0 |
| Yes          | No                    | Yes                    |               0 |            0 |
| Yes          | Yes                   | No                     |               0 |            0 |
+--------------+-----------------------+------------------------+-----------------+--------------+


4. Detailed Control Set Information
-----------------------------------

+-------------------+---------------+--------------------------+------------------+----------------+--------------+
|    Clock Signal   | Enable Signal |     Set/Reset Signal     | Slice Load Count | Bel Load Count | Bels / Slice |
+-------------------+---------------+--------------------------+------------------+----------------+--------------+
|  comp1/aeb_reg/G0 |               |                          |                1 |              1 |         1.00 |
|  comp2/alb_reg/G0 |               |                          |                1 |              1 |         1.00 |
|  comp1/alb_reg/G0 |               |                          |                1 |              1 |         1.00 |
|  comp2/aeb_reg/G0 |               |                          |                1 |              1 |         1.00 |
|  comp2/agb0_n_0   |               | comp2/agb_reg_i_1__0_n_0 |                1 |              1 |         1.00 |
|  comp1/agb0_n_0   |               | comp1/agb_reg_i_1_n_0    |                1 |              1 |         1.00 |
+-------------------+---------------+--------------------------+------------------+----------------+--------------+


