Copyright 1986-2020 Xilinx, Inc. All Rights Reserved.
--------------------------------------------------------------------------------------------------------------------------------------------------------------
| Tool Version : Vivado v.2020.1 (win64) Build 2902540 Wed May 27 19:54:49 MDT 2020
| Date         : Mon Dec  5 12:24:29 2022
| Host         : DESKTOP-11UI415 running 64-bit major release  (build 9200)
| Command      : report_methodology -file demux1x4_methodology_drc_routed.rpt -pb demux1x4_methodology_drc_routed.pb -rpx demux1x4_methodology_drc_routed.rpx
| Design       : demux1x4
| Device       : xc7a35tcpg236-1
| Speed File   : -1
| Design State : Fully Routed
--------------------------------------------------------------------------------------------------------------------------------------------------------------

Report Methodology

Table of Contents
-----------------
1. REPORT SUMMARY
2. REPORT DETAILS

1. REPORT SUMMARY
-----------------
            Netlist: netlist
          Floorplan: design_1
      Design limits: <entire design considered>
             Max violations: <unlimited>
             Violations found: 2
+-----------+----------+-------------------+------------+
| Rule      | Severity | Description       | Violations |
+-----------+----------+-------------------+------------+
| TIMING-20 | Warning  | Non-clocked latch | 2          |
+-----------+----------+-------------------+------------+

2. REPORT DETAILS
-----------------
TIMING-20#1 Warning
Non-clocked latch  
The latch Y_reg[2] cannot be properly analyzed as its control pin Y_reg[2]/G is not reached by a timing clock
Related violations: <none>

TIMING-20#2 Warning
Non-clocked latch  
The latch Y_reg[3] cannot be properly analyzed as its control pin Y_reg[3]/G is not reached by a timing clock
Related violations: <none>


