#-----------------------------------------------------------
# Vivado v2020.1 (64-bit)
# SW Build 2902540 on Wed May 27 19:54:49 MDT 2020
# IP Build 2902112 on Wed May 27 22:43:36 MDT 2020
# Start of session at: Thu Dec  8 15:31:27 2022
# Process ID: 2444
# Current directory: C:/Users/student/201211/8x1mux
# Command line: vivado.exe -gui_launcher_event rodinguilauncherevent11972 C:\Users\student\201211\8x1mux\8x1mux.xpr
# Log file: C:/Users/student/201211/8x1mux/vivado.log
# Journal file: C:/Users/student/201211/8x1mux\vivado.jou
#-----------------------------------------------------------
start_gui
open_project C:/Users/student/201211/8x1mux/8x1mux.xpr
Scanning sources...
Finished scanning sources
INFO: [IP_Flow 19-234] Refreshing IP repositories
INFO: [IP_Flow 19-1704] No user IP repositories specified
INFO: [IP_Flow 19-2313] Loaded Vivado IP repository 'D:/Xilinx/Vivado/2020.1/data/ip'.
update_compile_order -fileset sources_1
exit
INFO: [Common 17-206] Exiting Vivado at Thu Dec  8 15:34:48 2022...
